[qdexam_sys_log]  2016-07-10 12:15:03  INFO LocalCluster:129 : starting master...
[qdexam_sys_log]  2016-07-10 12:15:03 ERROR LocalCluster:139 : Local cluster setup exception.
java.lang.NullPointerException
	at com.iveely.computing.config.ConfigWrapper.load(ConfigWrapper.java:57)
	at com.iveely.computing.config.ConfigWrapper.get(ConfigWrapper.java:41)
	at com.iveely.computing.component.LocalCluster.runCluster(LocalCluster.java:130)
	at com.iveely.computing.component.LocalCluster.submit(LocalCluster.java:87)
	at com.iveely.computing.api.TopologySubmitter.submit(TopologySubmitter.java:82)
	at com.iveely.computing.example.WordCount.main(WordCount.java:103)
	at sun.reflect.NativeMethodAccessorImpl.invoke0(Native Method)
	at sun.reflect.NativeMethodAccessorImpl.invoke(NativeMethodAccessorImpl.java:62)
	at sun.reflect.DelegatingMethodAccessorImpl.invoke(DelegatingMethodAccessorImpl.java:43)
	at java.lang.reflect.Method.invoke(Method.java:497)
	at com.intellij.rt.execution.application.AppMain.main(AppMain.java:144)
[qdexam_sys_log]  2016-07-10 12:15:56  INFO LocalCluster:129 : starting master...
[qdexam_sys_log]  2016-07-10 12:15:56  INFO SocketServer:50 : Web socket service is init.
[qdexam_sys_log]  2016-07-10 12:15:56  INFO Master:119 : master information:192.168.1.105,8001
[qdexam_sys_log]  2016-07-10 12:15:56  INFO UIProvider:64 : UI service is starting...
[qdexam_sys_log]  2016-07-10 12:15:56  INFO LocalCluster:134 : starting slave...
[qdexam_sys_log]  2016-07-10 12:15:56  INFO Slave:99 : slave information:192.168.1.105,4000
[qdexam_sys_log]  2016-07-10 12:15:56  INFO log:186 : Logging initialized @1026ms
[qdexam_sys_log]  2016-07-10 12:15:56  INFO Server:345 : jetty-9.3.7.v20160115
[qdexam_sys_log]  2016-07-10 12:15:56  INFO Slave:77 : Heartbeat thread is started.
[qdexam_sys_log]  2016-07-10 12:15:56  INFO Slave:81 : Startup event listen.
[qdexam_sys_log]  2016-07-10 12:15:56  INFO LocalCluster:102 : WordOutput(c6bd5c1d-fa00-49bf-a814-fc1d83b9ccdb)
[qdexam_sys_log]  2016-07-10 12:15:56  INFO Communicator:201 : WordOutput(c6bd5c1d-fa00-49bf-a814-fc1d83b9ccdb) registe to slot[6000] on communicator.
[qdexam_sys_log]  2016-07-10 12:15:56  INFO LocalCluster:111 : run WordInput(235369ab-b431-4db7-8506-246537bd86f9)
[qdexam_sys_log]  2016-07-10 12:15:56  INFO ServerConnector:270 : Started ServerConnector@5021c23d{HTTP/1.1,[http/1.1]}{0.0.0.0:9000}
[qdexam_sys_log]  2016-07-10 12:15:56  INFO Server:397 : Started @1358ms
[qdexam_sys_log]  2016-07-10 12:15:57  INFO MasterProcessor:86 : Master recive:HEARTBEAT,192.168.1.105,4000
[qdexam_sys_log]  2016-07-10 12:16:02  INFO MasterProcessor:86 : Master recive:HEARTBEAT,192.168.1.105,4000
